{"total": {"lines":{"total":399,"covered":395,"skipped":0,"pct":98.99},"statements":{"total":435,"covered":423,"skipped":0,"pct":97.24},"functions":{"total":102,"covered":100,"skipped":0,"pct":98.03},"branches":{"total":222,"covered":196,"skipped":0,"pct":88.28},"branchesTrue":{"total":0,"covered":0,"skipped":0,"pct":100}}
,"/home/runner/work/openclaw-client/openclaw-client/app/screens/ChatScreen.tsx": {"lines":{"total":41,"covered":41,"skipped":0,"pct":100},"functions":{"total":17,"covered":17,"skipped":0,"pct":100},"statements":{"total":48,"covered":48,"skipped":0,"pct":100},"branches":{"total":25,"covered":25,"skipped":0,"pct":100}}
,"/home/runner/work/openclaw-client/openclaw-client/app/screens/SettingsScreen.tsx": {"lines":{"total":15,"covered":15,"skipped":0,"pct":100},"functions":{"total":2,"covered":2,"skipped":0,"pct":100},"statements":{"total":15,"covered":15,"skipped":0,"pct":100},"branches":{"total":10,"covered":10,"skipped":0,"pct":100}}
,"/home/runner/work/openclaw-client/openclaw-client/components/ChatInput.tsx": {"lines":{"total":12,"covered":12,"skipped":0,"pct":100},"functions":{"total":3,"covered":3,"skipped":0,"pct":100},"statements":{"total":13,"covered":12,"skipped":0,"pct":92.3},"branches":{"total":16,"covered":15,"skipped":0,"pct":93.75}}
,"/home/runner/work/openclaw-client/openclaw-client/components/ConnectionBadge.tsx": {"lines":{"total":14,"covered":14,"skipped":0,"pct":100},"functions":{"total":1,"covered":1,"skipped":0,"pct":100},"statements":{"total":14,"covered":14,"skipped":0,"pct":100},"branches":{"total":7,"covered":7,"skipped":0,"pct":100}}
,"/home/runner/work/openclaw-client/openclaw-client/components/DateSeparator.tsx": {"lines":{"total":2,"covered":2,"skipped":0,"pct":100},"functions":{"total":1,"covered":1,"skipped":0,"pct":100},"statements":{"total":2,"covered":2,"skipped":0,"pct":100},"branches":{"total":0,"covered":0,"skipped":0,"pct":100}}
,"/home/runner/work/openclaw-client/openclaw-client/components/ErrorBoundary.tsx": {"lines":{"total":9,"covered":9,"skipped":0,"pct":100},"functions":{"total":4,"covered":4,"skipped":0,"pct":100},"statements":{"total":9,"covered":9,"skipped":0,"pct":100},"branches":{"total":2,"covered":2,"skipped":0,"pct":100}}
,"/home/runner/work/openclaw-client/openclaw-client/components/MessageBubble.tsx": {"lines":{"total":9,"covered":9,"skipped":0,"pct":100},"functions":{"total":2,"covered":2,"skipped":0,"pct":100},"statements":{"total":9,"covered":9,"skipped":0,"pct":100},"branches":{"total":25,"covered":24,"skipped":0,"pct":96}}
,"/home/runner/work/openclaw-client/openclaw-client/components/TypingIndicator.tsx": {"lines":{"total":13,"covered":13,"skipped":0,"pct":100},"functions":{"total":8,"covered":8,"skipped":0,"pct":100},"statements":{"total":16,"covered":16,"skipped":0,"pct":100},"branches":{"total":0,"covered":0,"skipped":0,"pct":100}}
,"/home/runner/work/openclaw-client/openclaw-client/constants/theme.ts": {"lines":{"total":1,"covered":1,"skipped":0,"pct":100},"functions":{"total":0,"covered":0,"skipped":0,"pct":100},"statements":{"total":1,"covered":1,"skipped":0,"pct":100},"branches":{"total":0,"covered":0,"skipped":0,"pct":100}}
,"/home/runner/work/openclaw-client/openclaw-client/hooks/useAudioPlayer.ts": {"lines":{"total":42,"covered":38,"skipped":0,"pct":90.47},"functions":{"total":8,"covered":6,"skipped":0,"pct":75},"statements":{"total":48,"covered":39,"skipped":0,"pct":81.25},"branches":{"total":27,"covered":17,"skipped":0,"pct":62.96}}
,"/home/runner/work/openclaw-client/openclaw-client/hooks/useNetworkStatus.ts": {"lines":{"total":6,"covered":6,"skipped":0,"pct":100},"functions":{"total":4,"covered":4,"skipped":0,"pct":100},"statements":{"total":7,"covered":7,"skipped":0,"pct":100},"branches":{"total":2,"covered":1,"skipped":0,"pct":50}}
,"/home/runner/work/openclaw-client/openclaw-client/hooks/useWebSocket.ts": {"lines":{"total":163,"covered":163,"skipped":0,"pct":100},"functions":{"total":35,"covered":35,"skipped":0,"pct":100},"statements":{"total":176,"covered":174,"skipped":0,"pct":98.86},"branches":{"total":75,"covered":62,"skipped":0,"pct":82.66}}
,"/home/runner/work/openclaw-client/openclaw-client/utils/chatHelpers.ts": {"lines":{"total":27,"covered":27,"skipped":0,"pct":100},"functions":{"total":6,"covered":6,"skipped":0,"pct":100},"statements":{"total":32,"covered":32,"skipped":0,"pct":100},"branches":{"total":17,"covered":17,"skipped":0,"pct":100}}
,"/home/runner/work/openclaw-client/openclaw-client/utils/haptics.ts": {"lines":{"total":2,"covered":2,"skipped":0,"pct":100},"functions":{"total":1,"covered":1,"skipped":0,"pct":100},"statements":{"total":2,"covered":2,"skipped":0,"pct":100},"branches":{"total":2,"covered":2,"skipped":0,"pct":100}}
,"/home/runner/work/openclaw-client/openclaw-client/utils/storage.ts": {"lines":{"total":43,"covered":43,"skipped":0,"pct":100},"functions":{"total":10,"covered":10,"skipped":0,"pct":100},"statements":{"total":43,"covered":43,"skipped":0,"pct":100},"branches":{"total":14,"covered":14,"skipped":0,"pct":100}}
}
