TN:
SF:app/screens/ChatScreen.tsx
FN:27,ChatScreen
FN:35,(anonymous_1)
FN:36,(anonymous_2)
FN:46,(anonymous_3)
FN:51,(anonymous_4)
FN:60,(anonymous_5)
FN:64,(anonymous_6)
FN:68,(anonymous_7)
FN:75,(anonymous_8)
FN:77,(anonymous_9)
FN:81,(anonymous_10)
FN:84,(anonymous_11)
FN:93,(anonymous_12)
FN:96,(anonymous_13)
FN:101,(anonymous_14)
FN:114,(anonymous_15)
FN:119,(anonymous_16)
FNF:17
FNH:17
FNDA:46,ChatScreen
FNDA:11,(anonymous_1)
FNDA:11,(anonymous_2)
FNDA:1,(anonymous_3)
FNDA:29,(anonymous_4)
FNDA:11,(anonymous_5)
FNDA:11,(anonymous_6)
FNDA:33,(anonymous_7)
FNDA:17,(anonymous_8)
FNDA:3,(anonymous_9)
FNDA:18,(anonymous_10)
FNDA:14,(anonymous_11)
FNDA:19,(anonymous_12)
FNDA:2,(anonymous_13)
FNDA:1,(anonymous_14)
FNDA:1,(anonymous_15)
FNDA:1,(anonymous_16)
DA:28,46
DA:29,46
DA:30,46
DA:31,46
DA:32,46
DA:35,46
DA:36,11
DA:37,11
DA:38,11
DA:42,46
DA:46,1
DA:51,46
DA:52,29
DA:53,6
DA:57,46
DA:60,46
DA:61,11
DA:62,9
DA:64,11
DA:68,46
DA:69,33
DA:70,9
DA:75,46
DA:76,17
DA:77,5
DA:81,46
DA:83,46
DA:85,14
DA:86,6
DA:88,8
DA:93,46
DA:95,46
DA:96,46
DA:97,2
DA:98,1
DA:99,1
DA:101,1
DA:104,46
DA:114,1
DA:119,1
DA:168,1
LF:41
LH:41
BRDA:52,0,0,6
BRDA:52,0,1,23
BRDA:52,1,0,29
BRDA:52,1,1,18
BRDA:61,2,0,9
BRDA:61,2,1,2
BRDA:69,3,0,9
BRDA:69,3,1,24
BRDA:69,4,0,33
BRDA:69,4,1,33
BRDA:69,4,2,31
BRDA:76,5,0,5
BRDA:76,5,1,12
BRDA:85,6,0,6
BRDA:85,6,1,8
BRDA:97,7,0,1
BRDA:97,7,1,1
BRDA:113,8,0,46
BRDA:113,8,1,6
BRDA:130,9,0,40
BRDA:130,9,1,6
BRDA:140,10,0,36
BRDA:140,10,1,4
BRDA:159,11,0,46
BRDA:159,11,1,4
BRF:25
BRH:25
end_of_record
TN:
SF:app/screens/SettingsScreen.tsx
FN:22,SettingsScreen
FN:28,(anonymous_1)
FNF:2
FNH:2
FNDA:9,SettingsScreen
FNDA:5,(anonymous_1)
DA:23,9
DA:24,9
DA:25,9
DA:26,9
DA:28,9
DA:29,5
DA:30,1
DA:31,1
DA:33,4
DA:34,2
DA:35,2
DA:37,2
DA:38,2
DA:41,9
DA:107,2
LF:15
LH:15
BRDA:29,0,0,1
BRDA:29,0,1,4
BRDA:33,1,0,2
BRDA:33,1,1,2
BRDA:33,2,0,4
BRDA:33,2,1,3
BRDA:93,3,0,9
BRDA:93,3,1,2
BRDA:93,4,0,9
BRDA:93,4,1,2
BRF:10
BRH:10
end_of_record
TN:
SF:components/ChatInput.tsx
FN:18,ChatInput
FN:21,(anonymous_1)
FN:28,(anonymous_2)
FNF:3
FNH:3
FNDA:67,ChatInput
FNDA:6,(anonymous_1)
FNDA:2,(anonymous_2)
DA:19,67
DA:21,67
DA:22,6
DA:23,6
DA:24,6
DA:25,6
DA:28,67
DA:29,2
DA:30,1
DA:31,1
DA:35,67
DA:67,3
LF:12
LH:12
BRDA:23,0,0,0
BRDA:23,0,1,6
BRDA:23,1,0,6
BRDA:23,1,1,6
BRDA:29,2,0,1
BRDA:29,2,1,1
BRDA:29,3,0,2
BRDA:29,3,1,2
BRDA:29,3,2,2
BRDA:53,4,0,67
BRDA:53,4,1,7
BRDA:53,4,2,60
BRDA:55,5,0,67
BRDA:55,5,1,7
BRDA:59,6,0,67
BRDA:59,6,1,7
BRF:16
BRH:15
end_of_record
TN:
SF:components/ConnectionBadge.tsx
FN:22,ConnectionBadge
FNF:1
FNH:1
FNDA:60,ConnectionBadge
DA:12,3
DA:23,60
DA:24,60
DA:25,60
DA:29,60
DA:30,2
DA:31,2
DA:32,58
DA:33,1
DA:34,1
DA:36,57
DA:37,57
DA:40,60
DA:48,3
LF:14
LH:14
BRDA:22,0,0,12
BRDA:29,1,0,2
BRDA:29,1,1,58
BRDA:32,2,0,1
BRDA:32,2,1,57
BRDA:32,3,0,58
BRDA:32,3,1,2
BRF:7
BRH:7
end_of_record
TN:
SF:components/DateSeparator.tsx
FN:10,DateSeparator
FNF:1
FNH:1
FNDA:6,DateSeparator
DA:11,6
DA:20,1
LF:2
LH:2
BRF:0
BRH:0
end_of_record
TN:
SF:components/ErrorBoundary.tsx
FN:16,(anonymous_0)
FN:20,(anonymous_1)
FN:24,(anonymous_2)
FN:28,(anonymous_3)
FNF:4
FNH:4
FNDA:4,(anonymous_0)
FNDA:2,(anonymous_1)
FNDA:1,(anonymous_2)
FNDA:11,(anonymous_3)
DA:14,5
DA:17,4
DA:21,2
DA:24,5
DA:25,1
DA:29,11
DA:30,5
DA:49,6
DA:53,1
LF:9
LH:9
BRDA:29,0,0,5
BRDA:29,0,1,6
BRF:2
BRH:2
end_of_record
TN:
SF:components/MessageBubble.tsx
FN:12,MessageBubble
FN:50,(anonymous_1)
FNF:2
FNH:2
FNDA:21,MessageBubble
FNDA:1,(anonymous_1)
DA:13,21
DA:14,21
DA:15,21
DA:18,21
DA:46,21
DA:47,2
DA:50,1
DA:61,19
DA:68,3
LF:9
LH:9
BRDA:15,0,0,21
BRDA:15,0,1,5
BRDA:15,0,2,2
BRDA:21,1,0,21
BRDA:21,1,1,7
BRDA:22,2,0,21
BRDA:22,2,1,5
BRDA:25,3,0,21
BRDA:25,3,1,14
BRDA:27,4,0,5
BRDA:27,4,1,9
BRDA:30,5,0,21
BRDA:30,5,1,5
BRDA:32,6,0,3
BRDA:32,6,1,18
BRDA:34,7,0,21
BRDA:34,7,1,2
BRDA:37,8,0,21
BRDA:37,8,1,7
BRDA:46,9,0,2
BRDA:46,9,1,19
BRDA:48,10,0,2
BRDA:48,10,1,0
BRDA:62,11,0,19
BRDA:62,11,1,7
BRF:25
BRH:24
end_of_record
TN:
SF:components/TypingIndicator.tsx
FN:10,TypingIndicator
FN:12,(anonymous_1)
FN:15,(anonymous_2)
FN:16,(anonymous_3)
FN:33,(anonymous_4)
FN:34,(anonymous_5)
FN:34,(anonymous_6)
FN:40,(anonymous_7)
FNF:8
FNH:8
FNDA:6,TypingIndicator
FNDA:18,(anonymous_1)
FNDA:5,(anonymous_2)
FNDA:15,(anonymous_3)
FNDA:15,(anonymous_4)
FNDA:5,(anonymous_5)
FNDA:15,(anonymous_6)
FNDA:18,(anonymous_7)
DA:5,2
DA:6,2
DA:7,2
DA:11,6
DA:12,18
DA:15,6
DA:16,5
DA:17,15
DA:33,15
DA:34,15
DA:37,6
DA:41,18
DA:67,2
LF:13
LH:13
BRF:0
BRH:0
end_of_record
TN:
SF:constants/theme.ts
FNF:0
FNH:0
DA:2,11
LF:1
LH:1
BRF:0
BRH:0
end_of_record
TN:
SF:hooks/useAudioPlayer.ts
FN:8,toMimeType
FN:21,useAudioPlayer
FN:26,(anonymous_2)
FN:34,(anonymous_3)
FN:35,(anonymous_4)
FN:39,(anonymous_5)
FN:66,(anonymous_6)
FN:79,(anonymous_7)
FNF:8
FNH:6
FNDA:6,toMimeType
FNDA:61,useAudioPlayer
FNDA:6,(anonymous_2)
FNDA:0,(anonymous_3)
FNDA:0,(anonymous_4)
FNDA:11,(anonymous_5)
FNDA:17,(anonymous_6)
FNDA:3,(anonymous_7)
DA:9,6
DA:10,0
DA:11,0
DA:12,0
DA:13,0
DA:22,61
DA:23,61
DA:26,61
DA:27,6
DA:28,1
DA:29,1
DA:31,6
DA:32,6
DA:33,6
DA:34,6
DA:35,6
DA:39,61
DA:41,11
DA:42,1
DA:43,1
DA:47,11
DA:53,10
DA:54,10
DA:57,10
DA:60,10
DA:61,10
DA:62,10
DA:66,61
DA:67,17
DA:68,17
DA:69,6
DA:71,11
DA:74,1
DA:79,61
DA:80,3
DA:81,1
DA:82,1
DA:83,1
DA:86,2
DA:87,1
DA:88,1
DA:93,61
LF:42
LH:38
BRDA:9,0,0,6
BRDA:9,0,1,0
BRDA:9,1,0,6
BRDA:9,1,1,0
BRDA:10,2,0,0
BRDA:10,2,1,0
BRDA:11,3,0,0
BRDA:11,3,1,0
BRDA:12,4,0,0
BRDA:12,4,1,0
BRDA:27,5,0,1
BRDA:27,5,1,5
BRDA:41,6,0,1
BRDA:41,6,1,10
BRDA:53,7,0,1
BRDA:53,7,1,9
BRDA:53,8,0,1
BRDA:53,8,1,8
BRDA:66,9,0,0
BRDA:68,10,0,6
BRDA:68,10,1,11
BRDA:80,11,0,1
BRDA:80,11,1,2
BRDA:81,12,0,1
BRDA:81,12,1,0
BRDA:86,13,0,1
BRDA:86,13,1,1
BRF:27
BRH:17
end_of_record
TN:
SF:hooks/useNetworkStatus.ts
FN:5,useNetworkStatus
FN:8,(anonymous_1)
FN:9,(anonymous_2)
FN:12,(anonymous_3)
FNF:4
FNH:4
FNDA:51,useNetworkStatus
FNDA:14,(anonymous_1)
FNDA:2,(anonymous_2)
FNDA:14,(anonymous_3)
DA:6,51
DA:8,51
DA:9,14
DA:10,2
DA:12,14
DA:15,51
LF:6
LH:6
BRDA:10,0,0,2
BRDA:10,0,1,0
BRF:2
BRH:1
end_of_record
TN:
SF:hooks/useWebSocket.ts
FN:52,useWebSocket
FN:84,(anonymous_1)
FN:93,(anonymous_2)
FN:94,(anonymous_3)
FN:107,(anonymous_4)
FN:141,(anonymous_5)
FN:159,(anonymous_6)
FN:165,(anonymous_7)
FN:189,(anonymous_8)
FN:190,(anonymous_9)
FN:200,(anonymous_10)
FN:218,(anonymous_11)
FN:219,(anonymous_12)
FN:229,(anonymous_13)
FN:247,(anonymous_14)
FN:248,(anonymous_15)
FN:278,(anonymous_16)
FN:288,(anonymous_17)
FN:304,(anonymous_18)
FN:313,(anonymous_19)
FN:329,(anonymous_20)
FN:333,(anonymous_21)
FN:344,(anonymous_22)
FN:345,(anonymous_23)
FN:365,(anonymous_24)
FN:371,(anonymous_25)
FN:380,(anonymous_26)
FN:383,(anonymous_27)
FN:396,(anonymous_28)
FN:397,(anonymous_29)
FN:401,(anonymous_30)
FN:401,(anonymous_31)
FN:410,(anonymous_32)
FN:411,(anonymous_33)
FN:416,(anonymous_34)
FNF:35
FNH:35
FNDA:210,useWebSocket
FNDA:50,(anonymous_1)
FNDA:50,(anonymous_2)
FNDA:50,(anonymous_3)
FNDA:10,(anonymous_4)
FNDA:56,(anonymous_5)
FNDA:29,(anonymous_6)
FNDA:1,(anonymous_7)
FNDA:1,(anonymous_8)
FNDA:1,(anonymous_9)
FNDA:6,(anonymous_10)
FNDA:2,(anonymous_11)
FNDA:3,(anonymous_12)
FNDA:8,(anonymous_13)
FNDA:2,(anonymous_14)
FNDA:2,(anonymous_15)
FNDA:35,(anonymous_16)
FNDA:118,(anonymous_17)
FNDA:58,(anonymous_18)
FNDA:92,(anonymous_19)
FNDA:3,(anonymous_20)
FNDA:4,(anonymous_21)
FNDA:12,(anonymous_22)
FNDA:12,(anonymous_23)
FNDA:10,(anonymous_24)
FNDA:9,(anonymous_25)
FNDA:2,(anonymous_26)
FNDA:2,(anonymous_27)
FNDA:2,(anonymous_28)
FNDA:2,(anonymous_29)
FNDA:1,(anonymous_30)
FNDA:2,(anonymous_31)
FNDA:48,(anonymous_32)
FNDA:48,(anonymous_33)
FNDA:2,(anonymous_34)
DA:57,210
DA:61,210
DA:62,210
DA:63,210
DA:64,210
DA:66,210
DA:67,210
DA:68,210
DA:69,210
DA:70,210
DA:71,210
DA:72,210
DA:73,210
DA:77,210
DA:80,210
DA:84,210
DA:85,50
DA:86,50
DA:92,210
DA:94,50
DA:95,50
DA:96,50
DA:97,50
DA:98,50
DA:106,210
DA:109,10
DA:110,10
DA:111,10
DA:113,10
DA:114,10
DA:118,4
DA:119,3
DA:120,3
DA:121,3
DA:128,1
DA:129,1
DA:130,1
DA:140,210
DA:142,56
DA:145,31
DA:146,31
DA:159,31
DA:160,29
DA:161,28
DA:162,28
DA:164,1
DA:165,1
DA:171,31
DA:172,31
DA:176,22
DA:177,22
DA:178,22
DA:180,22
DA:181,20
DA:182,20
DA:184,20
DA:186,7
DA:187,7
DA:188,1
DA:189,1
DA:190,1
DA:191,1
DA:198,6
DA:199,6
DA:200,6
DA:211,13
DA:213,10
DA:214,10
DA:216,2
DA:217,2
DA:218,2
DA:219,2
DA:220,3
DA:225,2
DA:228,8
DA:229,8
DA:240,10
DA:241,10
DA:242,10
DA:245,3
DA:246,3
DA:247,2
DA:248,2
DA:249,2
DA:254,2
DA:257,20
DA:262,1
DA:265,1
DA:266,1
DA:270,1
DA:278,210
DA:279,35
DA:280,35
DA:281,35
DA:282,35
DA:288,210
DA:289,118
DA:290,118
DA:291,118
DA:292,118
DA:293,54
DA:294,54
DA:295,54
DA:297,118
DA:298,118
DA:299,118
DA:304,210
DA:305,58
DA:307,58
DA:308,58
DA:310,58
DA:311,58
DA:313,58
DA:315,92
DA:316,92
DA:318,1
DA:321,91
DA:322,56
DA:323,35
DA:324,35
DA:329,58
DA:330,3
DA:333,58
DA:334,4
DA:335,4
DA:336,4
DA:338,4
DA:339,3
DA:340,3
DA:341,3
DA:342,3
DA:343,3
DA:344,3
DA:345,12
DA:346,12
DA:347,3
DA:348,3
DA:350,9
DA:353,3
DA:355,1
DA:364,210
DA:366,10
DA:368,9
DA:369,9
DA:371,9
DA:373,9
DA:380,9
DA:381,2
DA:382,2
DA:383,2
DA:395,210
DA:397,2
DA:398,2
DA:399,1
DA:401,2
DA:403,1
DA:410,210
DA:411,48
DA:412,48
DA:416,210
DA:417,2
DA:418,2
DA:421,210
LF:163
LH:163
BRDA:57,0,0,10
BRDA:57,0,1,200
BRDA:59,1,0,200
BRDA:59,1,1,154
BRDA:61,2,0,210
BRDA:61,2,1,191
BRDA:85,3,0,50
BRDA:85,3,1,0
BRDA:110,4,0,10
BRDA:110,4,1,1
BRDA:111,5,0,0
BRDA:111,5,1,10
BRDA:118,6,0,3
BRDA:118,6,1,1
BRDA:118,7,0,4
BRDA:118,7,1,3
BRDA:119,8,0,3
BRDA:119,8,1,1
BRDA:142,9,0,31
BRDA:142,9,1,22
BRDA:142,9,2,1
BRDA:142,9,3,1
BRDA:142,9,4,1
BRDA:160,10,0,28
BRDA:160,10,1,1
BRDA:160,11,0,29
BRDA:160,11,1,28
BRDA:167,12,0,1
BRDA:167,12,1,0
BRDA:180,13,0,2
BRDA:180,13,1,20
BRDA:182,14,0,0
BRDA:182,14,1,20
BRDA:184,15,0,7
BRDA:184,15,1,13
BRDA:187,16,0,1
BRDA:187,16,1,6
BRDA:191,17,0,1
BRDA:191,17,1,0
BRDA:211,18,0,10
BRDA:211,18,1,3
BRDA:214,19,0,2
BRDA:214,19,1,8
BRDA:217,20,0,2
BRDA:217,20,1,0
BRDA:220,21,0,2
BRDA:220,21,1,1
BRDA:240,22,0,10
BRDA:240,22,1,0
BRDA:246,23,0,2
BRDA:246,23,1,1
BRDA:249,24,0,2
BRDA:249,24,1,0
BRDA:250,25,0,2
BRDA:250,25,1,0
BRDA:280,26,0,35
BRDA:280,26,1,0
BRDA:292,27,0,54
BRDA:292,27,1,64
BRDA:321,28,0,56
BRDA:321,28,1,35
BRDA:323,29,0,35
BRDA:323,29,1,0
BRDA:338,30,0,3
BRDA:338,30,1,1
BRDA:346,31,0,3
BRDA:346,31,1,9
BRDA:366,32,0,1
BRDA:366,32,1,9
BRDA:381,33,0,2
BRDA:381,33,1,0
BRDA:385,34,0,2
BRDA:385,34,1,0
BRDA:398,35,0,1
BRDA:398,35,1,1
BRF:75
BRH:62
end_of_record
TN:
SF:utils/chatHelpers.ts
FN:6,nextId
FN:11,extractText
FN:18,makeUserMsg
FN:22,makeSystemMsg
FN:36,formatDayLabel
FN:51,insertDateSeparators
FNF:6
FNH:6
FNDA:90,nextId
FNDA:38,extractText
FNDA:10,makeUserMsg
FNDA:4,makeSystemMsg
FNDA:13,formatDayLabel
FNDA:22,insertDateSeparators
DA:3,3
DA:7,90
DA:12,38
DA:13,11
DA:14,7
DA:15,3
DA:19,10
DA:23,4
DA:37,13
DA:38,13
DA:40,13
DA:41,13
DA:42,13
DA:43,13
DA:45,13
DA:46,3
DA:47,1
DA:52,22
DA:53,22
DA:55,22
DA:56,13
DA:57,13
DA:59,13
DA:60,10
DA:65,10
DA:67,13
DA:70,22
LF:27
LH:27
BRDA:12,0,0,27
BRDA:12,0,1,11
BRDA:13,1,0,4
BRDA:13,1,1,7
BRDA:14,2,0,4
BRDA:14,2,1,3
BRDA:14,3,0,7
BRDA:14,3,1,5
BRDA:14,3,2,4
BRDA:38,4,0,13
BRDA:38,4,1,6
BRDA:45,5,0,10
BRDA:45,5,1,3
BRDA:46,6,0,2
BRDA:46,6,1,1
BRDA:59,7,0,10
BRDA:59,7,1,3
BRF:17
BRH:17
end_of_record
TN:
SF:utils/haptics.ts
FN:4,lightTap
FNF:1
FNH:1
FNDA:21,lightTap
DA:5,21
DA:6,20
LF:2
LH:2
BRDA:5,0,0,20
BRDA:5,0,1,1
BRF:2
BRH:2
end_of_record
TN:
SF:utils/storage.ts
FN:13,(anonymous_0)
FN:19,(anonymous_1)
FN:26,(anonymous_2)
FN:43,loadSettings
FN:60,saveSettings
FN:75,loadMessages
FN:88,saveMessages
FN:92,(anonymous_7)
FN:101,clearPersistedMessages
FN:110,buildWsUrl
FNF:10
FNH:10
FNDA:6,(anonymous_0)
FNDA:2,(anonymous_1)
FNDA:3,(anonymous_2)
FNDA:6,loadSettings
FNDA:5,saveSettings
FNDA:14,loadMessages
FNDA:10,saveMessages
FNDA:134,(anonymous_7)
FNDA:3,clearPersistedMessages
FNDA:60,buildWsUrl
DA:6,3
DA:7,3
DA:8,3
DA:9,3
DA:12,3
DA:14,6
DA:15,1
DA:17,5
DA:20,2
DA:21,1
DA:22,1
DA:24,1
DA:27,3
DA:28,1
DA:29,1
DA:31,2
DA:35,3
DA:44,6
DA:45,6
DA:49,5
DA:52,4
DA:54,2
DA:56,2
DA:61,5
DA:62,5
DA:63,5
DA:70,3
DA:76,14
DA:77,14
DA:78,13
DA:79,1
DA:82,1
DA:84,13
DA:89,10
DA:91,10
DA:92,134
DA:94,10
DA:96,4
DA:102,3
DA:103,3
DA:105,1
DA:111,60
DA:112,60
LF:43
LH:43
BRDA:14,0,0,1
BRDA:14,0,1,5
BRDA:20,1,0,1
BRDA:20,1,1,1
BRDA:27,2,0,1
BRDA:27,2,1,2
BRDA:49,3,0,4
BRDA:49,3,1,1
BRDA:52,4,0,4
BRDA:52,4,1,2
BRDA:65,5,0,2
BRDA:65,5,1,3
BRDA:78,6,0,1
BRDA:78,6,1,12
BRF:14
BRH:14
end_of_record
